<?xml version="1.0" encoding="UTF-8"?>
<testsuite xmlns:xsi="http://www.w3.org/2001/XMLSchema-instance" xsi:noNamespaceSchemaLocation="https://maven.apache.org/surefire/maven-surefire-plugin/xsd/surefire-test-report-3.0.xsd" version="3.0" name="TestSuite" time="18.245" tests="1" errors="0" skipped="0" failures="0">
  <properties>
    <property name="java.specification.version" value="23"/>
    <property name="webdriver.chrome.driver" value="D:\HCL_Interview\SampleUIAutomation_KinderCareDemo//src//test//resources//chromedriver.exe"/>
    <property name="sun.cpu.isalist" value="amd64"/>
    <property name="sun.jnu.encoding" value="Cp1252"/>
    <property name="java.class.path" value="D:\HCL_Interview\SampleUIAutomation_KinderCareDemo\target\test-classes;D:\HCL_Interview\SampleUIAutomation_KinderCareDemo\target\classes;C:\Users\Rekha\.m2\repository\io\cucumber\cucumber-java\7.2.3\cucumber-java-7.2.3.jar;C:\Users\Rekha\.m2\repository\io\cucumber\cucumber-core\7.2.3\cucumber-core-7.2.3.jar;C:\Users\Rekha\.m2\repository\io\cucumber\cucumber-gherkin\7.2.3\cucumber-gherkin-7.2.3.jar;C:\Users\Rekha\.m2\repository\io\cucumber\cucumber-gherkin-messages\7.2.3\cucumber-gherkin-messages-7.2.3.jar;C:\Users\Rekha\.m2\repository\io\cucumber\messages\17.1.1\messages-17.1.1.jar;C:\Users\Rekha\.m2\repository\io\cucumber\tag-expressions\4.1.0\tag-expressions-4.1.0.jar;C:\Users\Rekha\.m2\repository\io\cucumber\cucumber-expressions\15.0.1\cucumber-expressions-15.0.1.jar;C:\Users\Rekha\.m2\repository\io\cucumber\datatable\7.2.3\datatable-7.2.3.jar;C:\Users\Rekha\.m2\repository\io\cucumber\cucumber-plugin\7.2.3\cucumber-plugin-7.2.3.jar;C:\Users\Rekha\.m2\repository\io\cucumber\docstring\7.2.3\docstring-7.2.3.jar;C:\Users\Rekha\.m2\repository\io\cucumber\html-formatter\17.0.0\html-formatter-17.0.0.jar;C:\Users\Rekha\.m2\repository\io\cucumber\ci-environment\8.1.0\ci-environment-8.1.0.jar;C:\Users\Rekha\.m2\repository\org\apiguardian\apiguardian-api\1.1.2\apiguardian-api-1.1.2.jar;C:\Users\Rekha\.m2\repository\org\projectlombok\lombok\1.18.24\lombok-1.18.24.jar;C:\Users\Rekha\.m2\repository\commons-io\commons-io\2.11.0\commons-io-2.11.0.jar;C:\Users\Rekha\.m2\repository\tech\grasshopper\extentreports-cucumber7-adapter\1.2.0\extentreports-cucumber7-adapter-1.2.0.jar;C:\Users\Rekha\.m2\repository\tech\grasshopper\extent-pdf-report\1.7.4\extent-pdf-report-1.7.4.jar;C:\Users\Rekha\.m2\repository\tech\grasshopper\cucumber-pdf-report\2.2.4\cucumber-pdf-report-2.2.4.jar;C:\Users\Rekha\.m2\repository\org\apache\pdfbox\pdfbox\2.0.22\pdfbox-2.0.22.jar;C:\Users\Rekha\.m2\repository\org\apache\pdfbox\fontbox\2.0.22\fontbox-2.0.22.jar;C:\Users\Rekha\.m2\repository\org\knowm\xchart\xchart\3.8.0\xchart-3.8.0.jar;C:\Users\Rekha\.m2\repository\de\erichseifert\vectorgraphics2d\VectorGraphics2D\0.13\VectorGraphics2D-0.13.jar;C:\Users\Rekha\.m2\repository\de\rototor\pdfbox\graphics2d\0.30\graphics2d-0.30.jar;C:\Users\Rekha\.m2\repository\com\madgag\animated-gif-lib\1.4\animated-gif-lib-1.4.jar;C:\Users\Rekha\.m2\repository\org\yaml\snakeyaml\1.28\snakeyaml-1.28.jar;C:\Users\Rekha\.m2\repository\tech\grasshopper\table-layout\1.2.0\table-layout-1.2.0.jar;C:\Users\Rekha\.m2\repository\org\jsoup\jsoup\1.13.1\jsoup-1.13.1.jar;C:\Users\Rekha\.m2\repository\com\aventstack\klov-reporter\5.0.9\klov-reporter-5.0.9.jar;C:\Users\Rekha\.m2\repository\org\mongodb\mongodb-driver\3.6.4\mongodb-driver-3.6.4.jar;C:\Users\Rekha\.m2\repository\org\mongodb\mongodb-driver-core\3.6.4\mongodb-driver-core-3.6.4.jar;C:\Users\Rekha\.m2\repository\org\mongodb\bson\3.6.4\bson-3.6.4.jar;C:\Users\Rekha\.m2\repository\org\apache\httpcomponents\httpclient\4.5.13\httpclient-4.5.13.jar;C:\Users\Rekha\.m2\repository\org\apache\httpcomponents\httpcore\4.4.13\httpcore-4.4.13.jar;C:\Users\Rekha\.m2\repository\commons-logging\commons-logging\1.2\commons-logging-1.2.jar;C:\Users\Rekha\.m2\repository\commons-codec\commons-codec\1.11\commons-codec-1.11.jar;C:\Users\Rekha\.m2\repository\org\apache\httpcomponents\httpmime\4.5.13\httpmime-4.5.13.jar;C:\Users\Rekha\.m2\repository\tech\grasshopper\htmlextentreporter\1.0.0\htmlextentreporter-1.0.0.jar;C:\Users\Rekha\.m2\repository\com\aventstack\extentreports\5.0.9\extentreports-5.0.9.jar;C:\Users\Rekha\.m2\repository\io\reactivex\rxjava3\rxjava\3.0.4\rxjava-3.0.4.jar;C:\Users\Rekha\.m2\repository\org\reactivestreams\reactive-streams\1.0.3\reactive-streams-1.0.3.jar;C:\Users\Rekha\.m2\repository\org\freemarker\freemarker\2.3.30\freemarker-2.3.30.jar;C:\Users\Rekha\.m2\repository\com\google\code\gson\gson\2.8.6\gson-2.8.6.jar;C:\Users\Rekha\.m2\repository\io\cucumber\cucumber-picocontainer\7.2.3\cucumber-picocontainer-7.2.3.jar;C:\Users\Rekha\.m2\repository\org\picocontainer\picocontainer\2.15\picocontainer-2.15.jar;C:\Users\Rekha\.m2\repository\io\cucumber\cucumber-testng\7.2.3\cucumber-testng-7.2.3.jar;C:\Users\Rekha\.m2\repository\org\testng\testng\7.4.0\testng-7.4.0.jar;C:\Users\Rekha\.m2\repository\com\beust\jcommander\1.78\jcommander-1.78.jar;C:\Users\Rekha\.m2\repository\org\webjars\jquery\3.5.1\jquery-3.5.1.jar;C:\Users\Rekha\.m2\repository\org\seleniumhq\selenium\selenium-java\4.8.2\selenium-java-4.8.2.jar;C:\Users\Rekha\.m2\repository\org\seleniumhq\selenium\selenium-api\4.8.2\selenium-api-4.8.2.jar;C:\Users\Rekha\.m2\repository\org\seleniumhq\selenium\selenium-chrome-driver\4.8.2\selenium-chrome-driver-4.8.2.jar;C:\Users\Rekha\.m2\repository\com\google\auto\service\auto-service-annotations\1.0.1\auto-service-annotations-1.0.1.jar;C:\Users\Rekha\.m2\repository\com\google\auto\service\auto-service\1.0.1\auto-service-1.0.1.jar;C:\Users\Rekha\.m2\repository\com\google\auto\auto-common\1.2\auto-common-1.2.jar;C:\Users\Rekha\.m2\repository\com\google\guava\guava\31.1-jre\guava-31.1-jre.jar;C:\Users\Rekha\.m2\repository\com\google\guava\failureaccess\1.0.1\failureaccess-1.0.1.jar;C:\Users\Rekha\.m2\repository\com\google\guava\listenablefuture\9999.0-empty-to-avoid-conflict-with-guava\listenablefuture-9999.0-empty-to-avoid-conflict-with-guava.jar;C:\Users\Rekha\.m2\repository\com\google\code\findbugs\jsr305\3.0.2\jsr305-3.0.2.jar;C:\Users\Rekha\.m2\repository\org\checkerframework\checker-qual\3.12.0\checker-qual-3.12.0.jar;C:\Users\Rekha\.m2\repository\com\google\errorprone\error_prone_annotations\2.11.0\error_prone_annotations-2.11.0.jar;C:\Users\Rekha\.m2\repository\com\google\j2objc\j2objc-annotations\1.3\j2objc-annotations-1.3.jar;C:\Users\Rekha\.m2\repository\org\seleniumhq\selenium\selenium-chromium-driver\4.8.2\selenium-chromium-driver-4.8.2.jar;C:\Users\Rekha\.m2\repository\org\seleniumhq\selenium\selenium-json\4.8.2\selenium-json-4.8.2.jar;C:\Users\Rekha\.m2\repository\org\seleniumhq\selenium\selenium-manager\4.8.2\selenium-manager-4.8.2.jar;C:\Users\Rekha\.m2\repository\org\seleniumhq\selenium\selenium-devtools-v109\4.8.2\selenium-devtools-v109-4.8.2.jar;C:\Users\Rekha\.m2\repository\org\seleniumhq\selenium\selenium-devtools-v110\4.8.2\selenium-devtools-v110-4.8.2.jar;C:\Users\Rekha\.m2\repository\org\seleniumhq\selenium\selenium-devtools-v111\4.8.2\selenium-devtools-v111-4.8.2.jar;C:\Users\Rekha\.m2\repository\org\seleniumhq\selenium\selenium-devtools-v85\4.8.2\selenium-devtools-v85-4.8.2.jar;C:\Users\Rekha\.m2\repository\org\seleniumhq\selenium\selenium-edge-driver\4.8.2\selenium-edge-driver-4.8.2.jar;C:\Users\Rekha\.m2\repository\org\seleniumhq\selenium\selenium-firefox-driver\4.8.2\selenium-firefox-driver-4.8.2.jar;C:\Users\Rekha\.m2\repository\org\seleniumhq\selenium\selenium-http\4.8.2\selenium-http-4.8.2.jar;C:\Users\Rekha\.m2\repository\dev\failsafe\failsafe\3.3.1\failsafe-3.3.1.jar;C:\Users\Rekha\.m2\repository\org\seleniumhq\selenium\selenium-ie-driver\4.8.2\selenium-ie-driver-4.8.2.jar;C:\Users\Rekha\.m2\repository\org\seleniumhq\selenium\selenium-remote-driver\4.8.2\selenium-remote-driver-4.8.2.jar;C:\Users\Rekha\.m2\repository\io\netty\netty-buffer\4.1.90.Final\netty-buffer-4.1.90.Final.jar;C:\Users\Rekha\.m2\repository\io\netty\netty-codec-http\4.1.90.Final\netty-codec-http-4.1.90.Final.jar;C:\Users\Rekha\.m2\repository\io\netty\netty-codec\4.1.90.Final\netty-codec-4.1.90.Final.jar;C:\Users\Rekha\.m2\repository\io\netty\netty-handler\4.1.90.Final\netty-handler-4.1.90.Final.jar;C:\Users\Rekha\.m2\repository\io\netty\netty-common\4.1.90.Final\netty-common-4.1.90.Final.jar;C:\Users\Rekha\.m2\repository\io\netty\netty-transport-classes-epoll\4.1.90.Final\netty-transport-classes-epoll-4.1.90.Final.jar;C:\Users\Rekha\.m2\repository\io\netty\netty-transport-classes-kqueue\4.1.90.Final\netty-transport-classes-kqueue-4.1.90.Final.jar;C:\Users\Rekha\.m2\repository\io\netty\netty-transport-native-epoll\4.1.90.Final\netty-transport-native-epoll-4.1.90.Final.jar;C:\Users\Rekha\.m2\repository\io\netty\netty-transport-native-kqueue\4.1.90.Final\netty-transport-native-kqueue-4.1.90.Final.jar;C:\Users\Rekha\.m2\repository\io\netty\netty-transport-native-unix-common\4.1.90.Final\netty-transport-native-unix-common-4.1.90.Final.jar;C:\Users\Rekha\.m2\repository\io\netty\netty-transport\4.1.90.Final\netty-transport-4.1.90.Final.jar;C:\Users\Rekha\.m2\repository\io\netty\netty-resolver\4.1.90.Final\netty-resolver-4.1.90.Final.jar;C:\Users\Rekha\.m2\repository\io\opentelemetry\opentelemetry-api\1.24.0\opentelemetry-api-1.24.0.jar;C:\Users\Rekha\.m2\repository\io\opentelemetry\opentelemetry-context\1.24.0\opentelemetry-context-1.24.0.jar;C:\Users\Rekha\.m2\repository\io\opentelemetry\opentelemetry-exporter-logging\1.24.0\opentelemetry-exporter-logging-1.24.0.jar;C:\Users\Rekha\.m2\repository\io\opentelemetry\opentelemetry-sdk-metrics\1.24.0\opentelemetry-sdk-metrics-1.24.0.jar;C:\Users\Rekha\.m2\repository\io\opentelemetry\opentelemetry-sdk-logs\1.24.0-alpha\opentelemetry-sdk-logs-1.24.0-alpha.jar;C:\Users\Rekha\.m2\repository\io\opentelemetry\opentelemetry-api-logs\1.24.0-alpha\opentelemetry-api-logs-1.24.0-alpha.jar;C:\Users\Rekha\.m2\repository\io\opentelemetry\opentelemetry-api-events\1.24.0-alpha\opentelemetry-api-events-1.24.0-alpha.jar;C:\Users\Rekha\.m2\repository\io\opentelemetry\opentelemetry-sdk-common\1.24.0\opentelemetry-sdk-common-1.24.0.jar;C:\Users\Rekha\.m2\repository\io\opentelemetry\opentelemetry-sdk-extension-autoconfigure-spi\1.24.0\opentelemetry-sdk-extension-autoconfigure-spi-1.24.0.jar;C:\Users\Rekha\.m2\repository\io\opentelemetry\opentelemetry-sdk-extension-autoconfigure\1.24.0-alpha\opentelemetry-sdk-extension-autoconfigure-1.24.0-alpha.jar;C:\Users\Rekha\.m2\repository\io\opentelemetry\opentelemetry-sdk-trace\1.24.0\opentelemetry-sdk-trace-1.24.0.jar;C:\Users\Rekha\.m2\repository\io\opentelemetry\opentelemetry-sdk\1.24.0\opentelemetry-sdk-1.24.0.jar;C:\Users\Rekha\.m2\repository\io\opentelemetry\opentelemetry-semconv\1.24.0-alpha\opentelemetry-semconv-1.24.0-alpha.jar;C:\Users\Rekha\.m2\repository\io\ous\jtoml\2.0.0\jtoml-2.0.0.jar;C:\Users\Rekha\.m2\repository\net\bytebuddy\byte-buddy\1.14.2\byte-buddy-1.14.2.jar;C:\Users\Rekha\.m2\repository\org\apache\commons\commons-exec\1.3\commons-exec-1.3.jar;C:\Users\Rekha\.m2\repository\org\asynchttpclient\async-http-client\2.12.3\async-http-client-2.12.3.jar;C:\Users\Rekha\.m2\repository\org\asynchttpclient\async-http-client-netty-utils\2.12.3\async-http-client-netty-utils-2.12.3.jar;C:\Users\Rekha\.m2\repository\io\netty\netty-codec-socks\4.1.60.Final\netty-codec-socks-4.1.60.Final.jar;C:\Users\Rekha\.m2\repository\io\netty\netty-handler-proxy\4.1.60.Final\netty-handler-proxy-4.1.60.Final.jar;C:\Users\Rekha\.m2\repository\io\netty\netty-transport-native-epoll\4.1.60.Final\netty-transport-native-epoll-4.1.60.Final-linux-x86_64.jar;C:\Users\Rekha\.m2\repository\io\netty\netty-transport-native-kqueue\4.1.60.Final\netty-transport-native-kqueue-4.1.60.Final-osx-x86_64.jar;C:\Users\Rekha\.m2\repository\com\typesafe\netty\netty-reactive-streams\2.0.4\netty-reactive-streams-2.0.4.jar;C:\Users\Rekha\.m2\repository\org\slf4j\slf4j-api\1.7.30\slf4j-api-1.7.30.jar;C:\Users\Rekha\.m2\repository\com\sun\activation\jakarta.activation\1.2.2\jakarta.activation-1.2.2.jar;C:\Users\Rekha\.m2\repository\org\seleniumhq\selenium\selenium-safari-driver\4.8.2\selenium-safari-driver-4.8.2.jar;C:\Users\Rekha\.m2\repository\org\seleniumhq\selenium\selenium-support\4.8.2\selenium-support-4.8.2.jar;"/>
    <property name="java.vm.vendor" value="Oracle Corporation"/>
    <property name="sun.arch.data.model" value="64"/>
    <property name="user.variant" value=""/>
    <property name="java.vendor.url" value="https://java.oracle.com/"/>
    <property name="user.timezone" value="Asia/Calcutta"/>
    <property name="os.name" value="Windows 11"/>
    <property name="java.vm.specification.version" value="23"/>
    <property name="sun.java.launcher" value="SUN_STANDARD"/>
    <property name="user.country" value="US"/>
    <property name="sun.boot.library.path" value="C:\Program Files\Java\jdk-23\bin"/>
    <property name="sun.java.command" value="C:\Users\Rekha\AppData\Local\Temp\surefire2781164055412469742\surefirebooter8941698236784412896.jar C:\Users\Rekha\AppData\Local\Temp\surefire2781164055412469742 2025-04-04T10-43-27_122-jvmRun1 surefire7272427666395605633tmp surefire_0529466576379441733tmp"/>
    <property name="jdk.debug" value="release"/>
    <property name="surefire.test.class.path" value="D:\HCL_Interview\SampleUIAutomation_KinderCareDemo\target\test-classes;D:\HCL_Interview\SampleUIAutomation_KinderCareDemo\target\classes;C:\Users\Rekha\.m2\repository\io\cucumber\cucumber-java\7.2.3\cucumber-java-7.2.3.jar;C:\Users\Rekha\.m2\repository\io\cucumber\cucumber-core\7.2.3\cucumber-core-7.2.3.jar;C:\Users\Rekha\.m2\repository\io\cucumber\cucumber-gherkin\7.2.3\cucumber-gherkin-7.2.3.jar;C:\Users\Rekha\.m2\repository\io\cucumber\cucumber-gherkin-messages\7.2.3\cucumber-gherkin-messages-7.2.3.jar;C:\Users\Rekha\.m2\repository\io\cucumber\messages\17.1.1\messages-17.1.1.jar;C:\Users\Rekha\.m2\repository\io\cucumber\tag-expressions\4.1.0\tag-expressions-4.1.0.jar;C:\Users\Rekha\.m2\repository\io\cucumber\cucumber-expressions\15.0.1\cucumber-expressions-15.0.1.jar;C:\Users\Rekha\.m2\repository\io\cucumber\datatable\7.2.3\datatable-7.2.3.jar;C:\Users\Rekha\.m2\repository\io\cucumber\cucumber-plugin\7.2.3\cucumber-plugin-7.2.3.jar;C:\Users\Rekha\.m2\repository\io\cucumber\docstring\7.2.3\docstring-7.2.3.jar;C:\Users\Rekha\.m2\repository\io\cucumber\html-formatter\17.0.0\html-formatter-17.0.0.jar;C:\Users\Rekha\.m2\repository\io\cucumber\ci-environment\8.1.0\ci-environment-8.1.0.jar;C:\Users\Rekha\.m2\repository\org\apiguardian\apiguardian-api\1.1.2\apiguardian-api-1.1.2.jar;C:\Users\Rekha\.m2\repository\org\projectlombok\lombok\1.18.24\lombok-1.18.24.jar;C:\Users\Rekha\.m2\repository\commons-io\commons-io\2.11.0\commons-io-2.11.0.jar;C:\Users\Rekha\.m2\repository\tech\grasshopper\extentreports-cucumber7-adapter\1.2.0\extentreports-cucumber7-adapter-1.2.0.jar;C:\Users\Rekha\.m2\repository\tech\grasshopper\extent-pdf-report\1.7.4\extent-pdf-report-1.7.4.jar;C:\Users\Rekha\.m2\repository\tech\grasshopper\cucumber-pdf-report\2.2.4\cucumber-pdf-report-2.2.4.jar;C:\Users\Rekha\.m2\repository\org\apache\pdfbox\pdfbox\2.0.22\pdfbox-2.0.22.jar;C:\Users\Rekha\.m2\repository\org\apache\pdfbox\fontbox\2.0.22\fontbox-2.0.22.jar;C:\Users\Rekha\.m2\repository\org\knowm\xchart\xchart\3.8.0\xchart-3.8.0.jar;C:\Users\Rekha\.m2\repository\de\erichseifert\vectorgraphics2d\VectorGraphics2D\0.13\VectorGraphics2D-0.13.jar;C:\Users\Rekha\.m2\repository\de\rototor\pdfbox\graphics2d\0.30\graphics2d-0.30.jar;C:\Users\Rekha\.m2\repository\com\madgag\animated-gif-lib\1.4\animated-gif-lib-1.4.jar;C:\Users\Rekha\.m2\repository\org\yaml\snakeyaml\1.28\snakeyaml-1.28.jar;C:\Users\Rekha\.m2\repository\tech\grasshopper\table-layout\1.2.0\table-layout-1.2.0.jar;C:\Users\Rekha\.m2\repository\org\jsoup\jsoup\1.13.1\jsoup-1.13.1.jar;C:\Users\Rekha\.m2\repository\com\aventstack\klov-reporter\5.0.9\klov-reporter-5.0.9.jar;C:\Users\Rekha\.m2\repository\org\mongodb\mongodb-driver\3.6.4\mongodb-driver-3.6.4.jar;C:\Users\Rekha\.m2\repository\org\mongodb\mongodb-driver-core\3.6.4\mongodb-driver-core-3.6.4.jar;C:\Users\Rekha\.m2\repository\org\mongodb\bson\3.6.4\bson-3.6.4.jar;C:\Users\Rekha\.m2\repository\org\apache\httpcomponents\httpclient\4.5.13\httpclient-4.5.13.jar;C:\Users\Rekha\.m2\repository\org\apache\httpcomponents\httpcore\4.4.13\httpcore-4.4.13.jar;C:\Users\Rekha\.m2\repository\commons-logging\commons-logging\1.2\commons-logging-1.2.jar;C:\Users\Rekha\.m2\repository\commons-codec\commons-codec\1.11\commons-codec-1.11.jar;C:\Users\Rekha\.m2\repository\org\apache\httpcomponents\httpmime\4.5.13\httpmime-4.5.13.jar;C:\Users\Rekha\.m2\repository\tech\grasshopper\htmlextentreporter\1.0.0\htmlextentreporter-1.0.0.jar;C:\Users\Rekha\.m2\repository\com\aventstack\extentreports\5.0.9\extentreports-5.0.9.jar;C:\Users\Rekha\.m2\repository\io\reactivex\rxjava3\rxjava\3.0.4\rxjava-3.0.4.jar;C:\Users\Rekha\.m2\repository\org\reactivestreams\reactive-streams\1.0.3\reactive-streams-1.0.3.jar;C:\Users\Rekha\.m2\repository\org\freemarker\freemarker\2.3.30\freemarker-2.3.30.jar;C:\Users\Rekha\.m2\repository\com\google\code\gson\gson\2.8.6\gson-2.8.6.jar;C:\Users\Rekha\.m2\repository\io\cucumber\cucumber-picocontainer\7.2.3\cucumber-picocontainer-7.2.3.jar;C:\Users\Rekha\.m2\repository\org\picocontainer\picocontainer\2.15\picocontainer-2.15.jar;C:\Users\Rekha\.m2\repository\io\cucumber\cucumber-testng\7.2.3\cucumber-testng-7.2.3.jar;C:\Users\Rekha\.m2\repository\org\testng\testng\7.4.0\testng-7.4.0.jar;C:\Users\Rekha\.m2\repository\com\beust\jcommander\1.78\jcommander-1.78.jar;C:\Users\Rekha\.m2\repository\org\webjars\jquery\3.5.1\jquery-3.5.1.jar;C:\Users\Rekha\.m2\repository\org\seleniumhq\selenium\selenium-java\4.8.2\selenium-java-4.8.2.jar;C:\Users\Rekha\.m2\repository\org\seleniumhq\selenium\selenium-api\4.8.2\selenium-api-4.8.2.jar;C:\Users\Rekha\.m2\repository\org\seleniumhq\selenium\selenium-chrome-driver\4.8.2\selenium-chrome-driver-4.8.2.jar;C:\Users\Rekha\.m2\repository\com\google\auto\service\auto-service-annotations\1.0.1\auto-service-annotations-1.0.1.jar;C:\Users\Rekha\.m2\repository\com\google\auto\service\auto-service\1.0.1\auto-service-1.0.1.jar;C:\Users\Rekha\.m2\repository\com\google\auto\auto-common\1.2\auto-common-1.2.jar;C:\Users\Rekha\.m2\repository\com\google\guava\guava\31.1-jre\guava-31.1-jre.jar;C:\Users\Rekha\.m2\repository\com\google\guava\failureaccess\1.0.1\failureaccess-1.0.1.jar;C:\Users\Rekha\.m2\repository\com\google\guava\listenablefuture\9999.0-empty-to-avoid-conflict-with-guava\listenablefuture-9999.0-empty-to-avoid-conflict-with-guava.jar;C:\Users\Rekha\.m2\repository\com\google\code\findbugs\jsr305\3.0.2\jsr305-3.0.2.jar;C:\Users\Rekha\.m2\repository\org\checkerframework\checker-qual\3.12.0\checker-qual-3.12.0.jar;C:\Users\Rekha\.m2\repository\com\google\errorprone\error_prone_annotations\2.11.0\error_prone_annotations-2.11.0.jar;C:\Users\Rekha\.m2\repository\com\google\j2objc\j2objc-annotations\1.3\j2objc-annotations-1.3.jar;C:\Users\Rekha\.m2\repository\org\seleniumhq\selenium\selenium-chromium-driver\4.8.2\selenium-chromium-driver-4.8.2.jar;C:\Users\Rekha\.m2\repository\org\seleniumhq\selenium\selenium-json\4.8.2\selenium-json-4.8.2.jar;C:\Users\Rekha\.m2\repository\org\seleniumhq\selenium\selenium-manager\4.8.2\selenium-manager-4.8.2.jar;C:\Users\Rekha\.m2\repository\org\seleniumhq\selenium\selenium-devtools-v109\4.8.2\selenium-devtools-v109-4.8.2.jar;C:\Users\Rekha\.m2\repository\org\seleniumhq\selenium\selenium-devtools-v110\4.8.2\selenium-devtools-v110-4.8.2.jar;C:\Users\Rekha\.m2\repository\org\seleniumhq\selenium\selenium-devtools-v111\4.8.2\selenium-devtools-v111-4.8.2.jar;C:\Users\Rekha\.m2\repository\org\seleniumhq\selenium\selenium-devtools-v85\4.8.2\selenium-devtools-v85-4.8.2.jar;C:\Users\Rekha\.m2\repository\org\seleniumhq\selenium\selenium-edge-driver\4.8.2\selenium-edge-driver-4.8.2.jar;C:\Users\Rekha\.m2\repository\org\seleniumhq\selenium\selenium-firefox-driver\4.8.2\selenium-firefox-driver-4.8.2.jar;C:\Users\Rekha\.m2\repository\org\seleniumhq\selenium\selenium-http\4.8.2\selenium-http-4.8.2.jar;C:\Users\Rekha\.m2\repository\dev\failsafe\failsafe\3.3.1\failsafe-3.3.1.jar;C:\Users\Rekha\.m2\repository\org\seleniumhq\selenium\selenium-ie-driver\4.8.2\selenium-ie-driver-4.8.2.jar;C:\Users\Rekha\.m2\repository\org\seleniumhq\selenium\selenium-remote-driver\4.8.2\selenium-remote-driver-4.8.2.jar;C:\Users\Rekha\.m2\repository\io\netty\netty-buffer\4.1.90.Final\netty-buffer-4.1.90.Final.jar;C:\Users\Rekha\.m2\repository\io\netty\netty-codec-http\4.1.90.Final\netty-codec-http-4.1.90.Final.jar;C:\Users\Rekha\.m2\repository\io\netty\netty-codec\4.1.90.Final\netty-codec-4.1.90.Final.jar;C:\Users\Rekha\.m2\repository\io\netty\netty-handler\4.1.90.Final\netty-handler-4.1.90.Final.jar;C:\Users\Rekha\.m2\repository\io\netty\netty-common\4.1.90.Final\netty-common-4.1.90.Final.jar;C:\Users\Rekha\.m2\repository\io\netty\netty-transport-classes-epoll\4.1.90.Final\netty-transport-classes-epoll-4.1.90.Final.jar;C:\Users\Rekha\.m2\repository\io\netty\netty-transport-classes-kqueue\4.1.90.Final\netty-transport-classes-kqueue-4.1.90.Final.jar;C:\Users\Rekha\.m2\repository\io\netty\netty-transport-native-epoll\4.1.90.Final\netty-transport-native-epoll-4.1.90.Final.jar;C:\Users\Rekha\.m2\repository\io\netty\netty-transport-native-kqueue\4.1.90.Final\netty-transport-native-kqueue-4.1.90.Final.jar;C:\Users\Rekha\.m2\repository\io\netty\netty-transport-native-unix-common\4.1.90.Final\netty-transport-native-unix-common-4.1.90.Final.jar;C:\Users\Rekha\.m2\repository\io\netty\netty-transport\4.1.90.Final\netty-transport-4.1.90.Final.jar;C:\Users\Rekha\.m2\repository\io\netty\netty-resolver\4.1.90.Final\netty-resolver-4.1.90.Final.jar;C:\Users\Rekha\.m2\repository\io\opentelemetry\opentelemetry-api\1.24.0\opentelemetry-api-1.24.0.jar;C:\Users\Rekha\.m2\repository\io\opentelemetry\opentelemetry-context\1.24.0\opentelemetry-context-1.24.0.jar;C:\Users\Rekha\.m2\repository\io\opentelemetry\opentelemetry-exporter-logging\1.24.0\opentelemetry-exporter-logging-1.24.0.jar;C:\Users\Rekha\.m2\repository\io\opentelemetry\opentelemetry-sdk-metrics\1.24.0\opentelemetry-sdk-metrics-1.24.0.jar;C:\Users\Rekha\.m2\repository\io\opentelemetry\opentelemetry-sdk-logs\1.24.0-alpha\opentelemetry-sdk-logs-1.24.0-alpha.jar;C:\Users\Rekha\.m2\repository\io\opentelemetry\opentelemetry-api-logs\1.24.0-alpha\opentelemetry-api-logs-1.24.0-alpha.jar;C:\Users\Rekha\.m2\repository\io\opentelemetry\opentelemetry-api-events\1.24.0-alpha\opentelemetry-api-events-1.24.0-alpha.jar;C:\Users\Rekha\.m2\repository\io\opentelemetry\opentelemetry-sdk-common\1.24.0\opentelemetry-sdk-common-1.24.0.jar;C:\Users\Rekha\.m2\repository\io\opentelemetry\opentelemetry-sdk-extension-autoconfigure-spi\1.24.0\opentelemetry-sdk-extension-autoconfigure-spi-1.24.0.jar;C:\Users\Rekha\.m2\repository\io\opentelemetry\opentelemetry-sdk-extension-autoconfigure\1.24.0-alpha\opentelemetry-sdk-extension-autoconfigure-1.24.0-alpha.jar;C:\Users\Rekha\.m2\repository\io\opentelemetry\opentelemetry-sdk-trace\1.24.0\opentelemetry-sdk-trace-1.24.0.jar;C:\Users\Rekha\.m2\repository\io\opentelemetry\opentelemetry-sdk\1.24.0\opentelemetry-sdk-1.24.0.jar;C:\Users\Rekha\.m2\repository\io\opentelemetry\opentelemetry-semconv\1.24.0-alpha\opentelemetry-semconv-1.24.0-alpha.jar;C:\Users\Rekha\.m2\repository\io\ous\jtoml\2.0.0\jtoml-2.0.0.jar;C:\Users\Rekha\.m2\repository\net\bytebuddy\byte-buddy\1.14.2\byte-buddy-1.14.2.jar;C:\Users\Rekha\.m2\repository\org\apache\commons\commons-exec\1.3\commons-exec-1.3.jar;C:\Users\Rekha\.m2\repository\org\asynchttpclient\async-http-client\2.12.3\async-http-client-2.12.3.jar;C:\Users\Rekha\.m2\repository\org\asynchttpclient\async-http-client-netty-utils\2.12.3\async-http-client-netty-utils-2.12.3.jar;C:\Users\Rekha\.m2\repository\io\netty\netty-codec-socks\4.1.60.Final\netty-codec-socks-4.1.60.Final.jar;C:\Users\Rekha\.m2\repository\io\netty\netty-handler-proxy\4.1.60.Final\netty-handler-proxy-4.1.60.Final.jar;C:\Users\Rekha\.m2\repository\io\netty\netty-transport-native-epoll\4.1.60.Final\netty-transport-native-epoll-4.1.60.Final-linux-x86_64.jar;C:\Users\Rekha\.m2\repository\io\netty\netty-transport-native-kqueue\4.1.60.Final\netty-transport-native-kqueue-4.1.60.Final-osx-x86_64.jar;C:\Users\Rekha\.m2\repository\com\typesafe\netty\netty-reactive-streams\2.0.4\netty-reactive-streams-2.0.4.jar;C:\Users\Rekha\.m2\repository\org\slf4j\slf4j-api\1.7.30\slf4j-api-1.7.30.jar;C:\Users\Rekha\.m2\repository\com\sun\activation\jakarta.activation\1.2.2\jakarta.activation-1.2.2.jar;C:\Users\Rekha\.m2\repository\org\seleniumhq\selenium\selenium-safari-driver\4.8.2\selenium-safari-driver-4.8.2.jar;C:\Users\Rekha\.m2\repository\org\seleniumhq\selenium\selenium-support\4.8.2\selenium-support-4.8.2.jar;"/>
    <property name="sun.cpu.endian" value="little"/>
    <property name="user.home" value="C:\Users\Rekha"/>
    <property name="user.language" value="en"/>
    <property name="java.specification.vendor" value="Oracle Corporation"/>
    <property name="java.version.date" value="2024-09-17"/>
    <property name="java.home" value="C:\Program Files\Java\jdk-23"/>
    <property name="file.separator" value="\"/>
    <property name="basedir" value="D:\HCL_Interview\SampleUIAutomation_KinderCareDemo"/>
    <property name="java.vm.compressedOopsMode" value="Zero based"/>
    <property name="line.separator" value="&#10;"/>
    <property name="java.vm.specification.vendor" value="Oracle Corporation"/>
    <property name="java.specification.name" value="Java Platform API Specification"/>
    <property name="surefire.real.class.path" value="C:\Users\Rekha\AppData\Local\Temp\surefire2781164055412469742\surefirebooter8941698236784412896.jar"/>
    <property name="user.script" value=""/>
    <property name="sun.management.compiler" value="HotSpot 64-Bit Tiered Compilers"/>
    <property name="java.runtime.version" value="23+37-2369"/>
    <property name="user.name" value="Rekha"/>
    <property name="stdout.encoding" value="Cp1252"/>
    <property name="path.separator" value=";"/>
    <property name="os.version" value="10.0"/>
    <property name="java.runtime.name" value="Java(TM) SE Runtime Environment"/>
    <property name="file.encoding" value="UTF-8"/>
    <property name="browser" value="chrome"/>
    <property name="java.vm.name" value="Java HotSpot(TM) 64-Bit Server VM"/>
    <property name="localRepository" value="C:\Users\Rekha\.m2\repository"/>
    <property name="java.vendor.url.bug" value="https://bugreport.java.com/bugreport/"/>
    <property name="java.io.tmpdir" value="C:\Users\Rekha\AppData\Local\Temp\"/>
    <property name="java.version" value="23"/>
    <property name="cucumber.filter.tags" value="@FindCenter"/>
    <property name="user.dir" value="D:\HCL_Interview\SampleUIAutomation_KinderCareDemo"/>
    <property name="os.arch" value="amd64"/>
    <property name="java.vm.specification.name" value="Java Virtual Machine Specification"/>
    <property name="sun.os.patch.level" value=""/>
    <property name="native.encoding" value="Cp1252"/>
    <property name="java.library.path" value="C:\Program Files\Java\jdk-23\bin;C:\WINDOWS\Sun\Java\bin;C:\WINDOWS\system32;C:\WINDOWS;C:\Users\Rekha\anaconda3\condabin;C:\Program Files\NVIDIA GPU Computing Toolkit\CUDA\v12.8\bin;C:\Program Files\NVIDIA GPU Computing Toolkit\CUDA\v12.8\libnvvp;C:\Program Files\Common Files\Oracle\Java\javapath;C:\Program Files (x86)\Common Files\Oracle\Java\java8path;C:\Program Files (x86)\Common Files\Oracle\Java\javapath;C:\Python312\Scripts\;C:\Python312\;C:\Windows\system32;C:\Windows;C:\Windows\System32\Wbem;C:\Windows\System32\WindowsPowerShell\v1.0\;C:\Windows\System32\OpenSSH\;C:\Program Files (x86)\NVIDIA Corporation\PhysX\Common;C:\Program Files\NVIDIA Corporation\NVIDIA NvDLISR;C:\WINDOWS\system32;C:\WINDOWS;C:\WINDOWS\System32\Wbem;C:\WINDOWS\System32\WindowsPowerShell\v1.0\;C:\WINDOWS\System32\OpenSSH\;C:\Program Files\dotnet\;C:\Program Files\Amazon\AWSCLI\bin\;C:\Program Files\nodejs\;C:\ProgramData\chocolatey\bin;C:\Program Files\Apache\apache-maven-3.9.4\bin;C:\Program Files\Git\cmd;C:\Program Files\NVIDIA Corporation\Nsight Compute 2025.1.1\;C:\Program Files\NVIDIA Corporation\NVIDIA app\NvDLISR;C:\Program Files\MySQL\MySQL Shell 8.0\bin\;C:\Users\Rekha\AppData\Local\Microsoft\WindowsApps;C:\Users\Rekha\AppData\Local\Microsoft\WinGet\Packages\Schniz.fnm_Microsoft.Winget.Source_8wekyb3d8bbwe;C:\Users\Rekha\AppData\Roaming\npm;C:\Users\Rekha\AppData\Local\Programs\Microsoft VS Code\bin;C:\Program Files\JetBrains\IntelliJ IDEA Community Edition 2024.2.2\bin;;C:\Program Files\JetBrains\PyCharm Community Edition 2024.2.4\bin;;C:\Users\Rekha\Anaconda3;C:\Users\Rekha\Anaconda3\Scripts;C:\Users\Rekha\Anaconda3\condabin;C:\Program Files\MySQL\MySQL Server 8.0\bin;C:\apache-maven-3.9.9\bin;;."/>
    <property name="java.vm.info" value="mixed mode, sharing"/>
    <property name="stderr.encoding" value="Cp1252"/>
    <property name="java.vendor" value="Oracle Corporation"/>
    <property name="java.vm.version" value="23+37-2369"/>
    <property name="sun.io.unicode.encoding" value="UnicodeLittle"/>
    <property name="java.class.version" value="67.0"/>
  </properties>
  <testcase name="runScenario[&quot;User searches for day care centers by zipcode and sees a list of facilities&quot;, &quot;Optional[Day Care Center Search]&quot;](1)" classname="cucumberoptions.TestNGTestRunner" time="17.017">
    <system-out><![CDATA[1. Name = Blaine KinderCare
   Phone = (763) 757-8893
   Address =  10851 Jefferson St NE Blaine MN 55434
2. Name = University Avenue KinderCare
   Phone = (763) 755-9067
   Address =  10790 University Ave NW Coon Rapids MN 55448
3. Name = Hanson Blvd KinderCare
   Phone = (763) 754-5522
   Address =  1755 121st Ave NW Coon Rapids MN 55448
4. Name = Moundsview KinderCare
   Phone = (763) 780-4304
   Address =  2791 Mounds View Blvd Mounds View MN 55112
5. Name = Armatage KinderCare
   Phone = (763) 784-8789
   Address =  12312 Fraizer Street NE Blaine MN 55449
6. Name = Marketplace KinderCare
   Phone = (763) 421-9580
   Address =  11544 Theatre Drive Champlin MN 55316
7. Name = Champlin KinderCare
   Phone = (763) 323-8300
   Address =  202 Hayden Lake Rd E Champlin MN 55316
8. Name = Fridley KinderCare
   Phone = (763) 572-1323
   Address =  5310 Monroe St NE Fridley MN 55421
9. Name = Brookdale KinderCare
   Phone = (763) 561-7013
   Address =  6020 Earle Brown Dr Brooklyn Center MN 55430
10. Name = Arden Hills KinderCare
   Phone = (651) 631-8728
   Address =  4545 Hamline Ave N Arden Hills MN 55112
11. Name = Brooklyn Blvd. KinderCare
   Phone = (763) 560-5534
   Address =  7660 Kentucky Ave N Brooklyn Park MN 55428
12. Name = Brooklyn Park KinderCare
   Phone = (763) 425-1126
   Address =  7924 Brooklyn Blvd Brooklyn Park MN 55445
13. Name = Bunker Lake KinderCare
   Phone = (763) 576-9586
   Address =  14100 Saint Francis Blvd Ramsey MN 55303
14. Name = Shoreview KinderCare
   Phone = (651) 482-9598
   Address =  4650 Hodgson Rd Shoreview MN 55126
15. Name = Lexington Avenue KinderCare
   Phone = (651) 482-7689
   Address =  3420 Lexington Ave N Shoreview MN 55126
16. Name = Oak Grove Knowledge Beginnings
   Phone = (651) 765-0555
   Address =  570 Oak Grove Pwy Vadnais Heights MN 55127
17. Name = Robbinsdale KinderCare
   Phone = (763) 535-4300
   Address =  4012 Adair Ave N Robbinsdale MN 55422
18. Name = Meadowlands KinderCare
   Phone = (651) 429-6316
   Address =  1000 Meadowlands Dr White Bear Lake MN 55127
19. Name = Maple Grove KinderCare
   Phone = (763) 553-7852
   Address =  6270 Sycamore Ln N Maple Grove MN 55369
20. Name = County Road KinderCare
   Phone = (763) 553-7775
   Address =  4475 Highway 169 N Plymouth MN 55442
21. Name = Roseville KinderCare
   Phone = (651) 631-0735
   Address =  2186 Fairview Ave N Roseville MN 55113
22. Name = Rice KinderCare
   Phone = (651) 490-1403
   Address =  181 County Road B2 W Roseville MN 55113
23. Name = University KinderCare
   Phone = (612) 623-4642
   Address =  525 Huron Blvd SE Minneapolis MN 55414
24. Name = Rush Creek KinderCare
   Phone = (763) 703-5189
   Address =  6999 Alvarado Lane N. Maple Grove MN 55311
25. Name = Maplewood KinderCare
   Phone = (651) 777-5133
   Address =  1925 County Road D E Maplewood MN 55109
26. Name = Maplewood KinderCare II
   Phone = (651) 770-1239
   Address =  2036 County Road D E Maplewood MN 55109
27. Name = Rockford Road KinderCare
   Phone = (763) 694-0769
   Address =  15755 Rockford Rd Plymouth MN 55446
]]></system-out>
    <system-err><![CDATA[SLF4J: Failed to load class "org.slf4j.impl.StaticLoggerBinder".
SLF4J: Defaulting to no-operation (NOP) logger implementation
SLF4J: See http://www.slf4j.org/codes.html#StaticLoggerBinder for further details.
Starting ChromeDriver 135.0.7049.42 (0f351bbd2617e0f775543271f34b7d241f8ebcdc-refs/branch-heads/7049@{#1349}) on port 39336
Only local connections are allowed.
Please see https://chromedriver.chromium.org/security-considerations for suggestions on keeping ChromeDriver safe.
ChromeDriver was started successfully on port 39336.
Apr 04, 2025 10:43:30 AM org.openqa.selenium.devtools.CdpVersionFinder findNearestMatch
WARNING: Unable to find CDP implementation matching 135
Apr 04, 2025 10:43:30 AM org.openqa.selenium.chromium.ChromiumDriver lambda$new$3
WARNING: Unable to find version of CDP to use for . You may need to include a dependency on a specific version of the CDP using something similar to `org.seleniumhq.selenium:selenium-devtools-v86:4.8.2` where the version ("v86") matches the version of the chromium-based browser you're using and the version number of the artifact is the same as Selenium's.
]]></system-err>
  </testcase>
</testsuite>