<?xml version="1.0" encoding="UTF-8"?>
<!-- Generated by org.testng.reporters.JUnitReportReporter -->
<testsuite hostname="DESKTOP-8SA4IER" failures="0" tests="1" name="cucumberoptions.TestNGTestRunner" time="17.984" errors="0" timestamp="2024-02-27T08:50:34 CST" skipped="0">
  <testcase classname="cucumberoptions.TestNGTestRunner" name="runScenario" time="17.984"/>
  <system-out/>
</testsuite> <!-- cucumberoptions.TestNGTestRunner -->
