<?xml version="1.0" encoding="UTF-8"?>
<!-- Generated by org.testng.reporters.JUnitReportReporter -->
<testsuite hostname="Phani" failures="0" tests="1" name="cucumberoptions.TestNGTestRunner" time="16.991" errors="0" timestamp="2025-04-04T10:43:46 IST" skipped="0">
  <testcase classname="cucumberoptions.TestNGTestRunner" name="runScenario" time="16.991"/>
  <system-out/>
</testsuite> <!-- cucumberoptions.TestNGTestRunner -->
