<?xml version="1.0" encoding="UTF-8"?>
<!-- Generated by org.testng.reporters.JUnitReportReporter -->
<testsuite hostname="DESKTOP-8SA4IER" failures="0" tests="1" name="cucumberoptions.TestNGTestRunner" time="15.559" errors="0" timestamp="2024-03-03T19:05:50 CST" skipped="0">
  <testcase classname="cucumberoptions.TestNGTestRunner" name="runScenario" time="15.559"/>
  <system-out/>
</testsuite> <!-- cucumberoptions.TestNGTestRunner -->
